2022-04-11 17:15:29,384  INFO Service:24 - 报文数据：1&qwer=123456
2022-04-11 18:40:20,128  INFO Service:25 - 报文数据：1&admin=admin
2022-04-11 18:40:42,403  INFO Service:25 - 报文数据：1&ywfsw=sssss
2022-04-11 18:44:12,858  INFO Service:25 - 报文数据：1&qwe=qwe
2022-04-11 18:56:28,725  INFO Service:26 - 报文数据：2&mimi=dddd
2022-04-11 18:57:22,648  INFO Service:26 - 报文数据：2&mimi=dddd
2022-04-11 19:08:05,740  INFO Service:26 - 报文数据：2&qqqq=dddd
2022-04-11 19:10:27,176  INFO Service:26 - 报文数据：2&qwer=zzzz
2022-04-11 20:16:30,810  INFO Service:27 - 接收报文：1&admin=admin
2022-04-11 20:16:30,812  INFO Service:35 - 管理员登录
2022-04-11 20:16:30,813  INFO Service:99 - 登录结果：false
2022-04-11 20:17:09,375  INFO Service:27 - 接收报文：1&qqqq=dddd
2022-04-11 20:17:09,376  INFO Service:35 - 管理员登录
2022-04-11 20:17:09,376  INFO Service:99 - 登录结果：false
2022-04-11 20:18:34,781  INFO Service:27 - 接收报文：2&qwer=1234
2022-04-11 20:18:34,781  INFO Service:39 - 管理员注册
2022-04-11 20:18:34,782  INFO Service:83 - 注册结果：true
2022-04-11 20:20:01,357  INFO Service:27 - 接收报文：1&admin=admin
2022-04-11 20:20:01,357  INFO Service:35 - 管理员登录
2022-04-11 20:20:01,358  INFO Service:99 - 登录结果：false
2022-04-11 20:20:53,823  INFO Service:27 - 接收报文：1&qwer=1234
2022-04-11 20:20:53,823  INFO Service:35 - 管理员登录
2022-04-11 20:20:53,823  INFO Service:99 - 登录结果：false
2022-04-11 20:21:12,742  INFO Service:27 - 接收报文：1&qwer=1234
2022-04-11 20:21:12,743  INFO Service:35 - 管理员登录
2022-04-11 20:21:12,744  INFO Service:99 - 登录结果：false
2022-04-11 20:23:03,626  INFO Service:27 - 接收报文：1&qwer=1234
2022-04-11 20:23:03,628  INFO Service:35 - 管理员登录
2022-04-11 20:23:03,628  INFO Service:99 - 登录结果：false
2022-04-11 20:23:28,603  INFO Service:27 - 接收报文：1&qwer=1234
2022-04-11 20:23:28,605  INFO Service:35 - 管理员登录
2022-04-11 20:23:28,606  INFO Service:99 - 登录结果：false
2022-04-11 20:27:00,977  INFO Service:27 - 接收报文：1&qwer=1234
2022-04-11 20:27:00,979  INFO Service:35 - 管理员登录
2022-04-11 20:27:00,980  INFO Service:99 - 登录结果：false
2022-04-11 20:27:43,693  INFO Service:27 - 接收报文：1&admin=admin
2022-04-11 20:27:43,695  INFO Service:35 - 管理员登录
2022-04-11 20:27:43,695  INFO Service:99 - 登录结果：false
2022-04-11 20:29:43,987  INFO Service:27 - 接收报文：1&admin=admin
2022-04-11 20:29:43,989  INFO Service:35 - 管理员登录
2022-04-11 20:29:43,990  INFO Service:99 - 登录结果：false
2022-04-11 20:30:39,281  INFO Service:27 - 接收报文：1&admin=admin
2022-04-11 20:30:39,283  INFO Service:35 - 管理员登录
2022-04-11 20:30:39,284  INFO Service:99 - 登录结果：false
2022-04-11 20:31:36,967  INFO Service:27 - 接收报文：1&admin=admin
2022-04-11 20:31:36,968  INFO Service:35 - 管理员登录
2022-04-11 20:31:36,969  INFO Service:99 - 登录结果：false
2022-04-11 20:32:21,774  INFO Service:27 - 接收报文：1&admin=admin
2022-04-11 20:32:21,776  INFO Service:35 - 管理员登录
2022-04-11 20:32:21,777  INFO Service:99 - 登录结果：false
2022-04-11 20:33:39,710  INFO Service:27 - 接收报文：1&admin=admin
2022-04-11 20:33:39,712  INFO Service:35 - 管理员登录
2022-04-11 20:33:39,713  INFO Service:99 - 登录结果：false
2022-04-11 20:35:12,700  INFO Service:27 - 接收报文：1&admin=admin
2022-04-11 20:35:12,706  INFO Service:35 - 管理员登录
2022-04-11 20:37:12,236  INFO Service:99 - 登录结果：false
2022-04-11 20:37:20,836  INFO Service:27 - 接收报文：1&admin=admin
2022-04-11 20:37:20,843  INFO Service:35 - 管理员登录
2022-04-11 20:41:04,029  INFO Service:99 - 登录结果：false
2022-04-11 20:41:20,758  INFO Service:27 - 接收报文：1&admin=admin
2022-04-11 20:41:20,764  INFO Service:35 - 管理员登录
2022-04-11 20:41:25,839  INFO Service:99 - 登录结果：false
2022-04-11 20:44:15,432  INFO Service:27 - 接收报文：1&admin=admin
2022-04-11 20:44:15,434  INFO Service:35 - 管理员登录
2022-04-11 20:44:15,435  INFO Service:99 - 登录结果：false
2022-04-11 20:45:18,359  INFO Service:27 - 接收报文：1&admin=admin
2022-04-11 20:45:18,365  INFO Service:35 - 管理员登录
2022-04-11 20:48:50,691  INFO Service:99 - 登录结果：false
2022-04-11 20:49:34,196  INFO Service:27 - 接收报文：1&admin=admin
2022-04-11 20:49:34,198  INFO Service:35 - 管理员登录
2022-04-11 20:49:34,199  INFO Service:99 - 登录结果：true
2022-04-11 20:52:35,892  INFO Service:27 - 接收报文：1&admin=admin
2022-04-11 20:52:35,894  INFO Service:35 - 管理员登录
2022-04-11 20:52:35,894  INFO Service:99 - 登录结果：true
2022-04-11 20:58:45,283  INFO Service:27 - 接收报文：1&admin=admin
2022-04-11 20:58:45,285  INFO Service:35 - 管理员登录
2022-04-11 20:58:45,285  INFO Service:99 - 登录结果：true
2022-04-11 20:59:07,544  INFO Service:27 - 接收报文：3&0001,草莓,18.8,kg
2022-04-11 20:59:07,544  INFO Service:43 - 添加水果
2022-04-11 20:59:07,545  INFO Service:67 - 添加结果：true
2022-04-11 21:20:45,442  INFO Service:27 - 接收报文：6&findAll
2022-04-11 21:20:45,444  INFO Service:53 - 查看水果
2022-04-11 21:29:00,790  INFO Service:29 - 接收报文：6&findAll
2022-04-11 21:29:00,792  INFO Service:55 - 查看水果
2022-04-11 21:33:28,629  INFO Service:29 - 接收报文：6&findAll
2022-04-11 21:33:28,632  INFO Service:55 - 查看水果
2022-04-11 21:35:06,660  INFO Service:29 - 接收报文：6&findAll
2022-04-11 21:35:06,662  INFO Service:55 - 查看水果
2022-04-11 21:39:08,239  INFO Service:29 - 接收报文：6&findAll
2022-04-11 21:39:08,240  INFO Service:55 - 查看水果
2022-04-11 21:39:16,369  INFO Service:29 - 接收报文：6&findAll
2022-04-11 21:39:16,370  INFO Service:55 - 查看水果
2022-04-11 21:39:16,372  INFO Service:29 - 接收报文：6&findAll
2022-04-11 21:39:16,372  INFO Service:55 - 查看水果
2022-04-12 10:20:03,613  INFO Service:29 - 接收报文：6&findAll
2022-04-12 10:20:03,615  INFO Service:57 - 查看水果
2022-04-12 10:20:24,079  INFO Service:29 - 接收报文：5&0002,dddd,123,kg,0002
2022-04-12 10:20:24,080  INFO Service:53 - 修改水果
2022-04-12 10:20:24,080  INFO Service:72 - 修改结果：false
2022-04-12 10:20:24,082  INFO Service:29 - 接收报文：6&findAll
2022-04-12 10:20:24,083  INFO Service:57 - 查看水果
2022-04-12 10:20:53,856  INFO Service:29 - 接收报文：5&0001,西瓜,10,kg,0001
2022-04-12 10:20:53,857  INFO Service:53 - 修改水果
2022-04-12 10:20:53,859  INFO Service:72 - 修改结果：true
2022-04-12 10:20:53,860  INFO Service:29 - 接收报文：6&findAll
2022-04-12 10:20:53,860  INFO Service:57 - 查看水果
2022-04-12 10:21:18,168  INFO Service:29 - 接收报文：6&findAll
2022-04-12 10:21:18,168  INFO Service:57 - 查看水果
2022-04-12 10:21:18,170  INFO Service:29 - 接收报文：6&findAll
2022-04-12 10:21:18,170  INFO Service:57 - 查看水果
2022-04-12 10:53:51,249  INFO Service:29 - 接收报文：6&findAll
2022-04-12 10:53:51,252  INFO Service:57 - 查看水果
2022-04-12 10:54:18,181  INFO Service:29 - 接收报文：5&0002,西瓜,10,kg,0002
2022-04-12 10:54:18,182  INFO Service:53 - 修改水果
2022-04-12 10:54:18,182  INFO Service:72 - 修改结果：false
2022-04-12 10:54:18,184  INFO Service:29 - 接收报文：6&findAll
2022-04-12 10:54:18,185  INFO Service:57 - 查看水果
2022-04-12 10:54:37,527  INFO Service:29 - 接收报文：5&0001,西瓜,4,kg,0001
2022-04-12 10:54:37,527  INFO Service:53 - 修改水果
2022-04-12 10:54:37,528  INFO Service:72 - 修改结果：true
2022-04-12 10:54:37,529  INFO Service:29 - 接收报文：6&findAll
2022-04-12 10:54:37,529  INFO Service:57 - 查看水果
2022-04-12 10:57:42,225  INFO Service:29 - 接收报文：5&0001,喜欢,123,kg,0001
2022-04-12 10:57:42,226  INFO Service:53 - 修改水果
2022-04-12 10:57:42,227  INFO Service:72 - 修改结果：true
2022-04-12 10:57:42,230  INFO Service:29 - 接收报文：6&findAll
2022-04-12 10:57:42,230  INFO Service:57 - 查看水果
2022-04-12 10:58:44,076  INFO Service:29 - 接收报文：6&findAll
2022-04-12 10:58:44,082  INFO Service:57 - 查看水果
2022-04-12 10:58:58,735  INFO Service:29 - 接收报文：5&0001,西瓜,10,kg,0001
2022-04-12 10:58:58,735  INFO Service:53 - 修改水果
2022-04-12 11:01:53,666  INFO Service:72 - 修改结果：true
2022-04-12 11:01:53,670  INFO Service:29 - 接收报文：6&findAll
2022-04-12 11:01:53,670  INFO Service:57 - 查看水果
2022-04-12 11:03:16,018  INFO Service:29 - 接收报文：6&findAll
2022-04-12 11:03:16,020  INFO Service:57 - 查看水果
2022-04-12 11:03:27,738  INFO Service:29 - 接收报文：5&0001,西瓜,10,kg,0001
2022-04-12 11:03:27,739  INFO Service:53 - 修改水果
2022-04-12 11:03:27,740  INFO Service:72 - 修改结果：true
2022-04-12 11:03:27,744  INFO Service:29 - 接收报文：6&findAll
2022-04-12 11:03:27,745  INFO Service:57 - 查看水果
2022-04-12 11:05:19,398  INFO Service:29 - 接收报文：5&0001,西瓜,10,kg,0001
2022-04-12 11:05:19,400  INFO Service:53 - 修改水果
2022-04-12 11:05:19,401  INFO Service:72 - 修改结果：true
2022-04-12 11:05:19,403  INFO Service:29 - 接收报文：6&findAll
2022-04-12 11:05:19,404  INFO Service:57 - 查看水果
2022-04-12 14:37:40,840  INFO Service:29 - 接收报文：6&findAll
2022-04-12 14:37:40,843  INFO Service:57 - 查看水果
2022-04-12 14:37:45,869  INFO Service:29 - 接收报文：4&00006
2022-04-12 14:37:45,870  INFO Service:49 - 删除水果
2022-04-12 14:41:40,600  INFO Service:29 - 接收报文：6&findAll
2022-04-12 14:41:40,602  INFO Service:57 - 查看水果
2022-04-12 14:41:43,748  INFO Service:29 - 接收报文：4&1
2022-04-12 14:41:43,749  INFO Service:49 - 删除水果
2022-04-12 14:44:01,131  INFO Service:29 - 接收报文：6&findAll
2022-04-12 14:44:01,133  INFO Service:57 - 查看水果
2022-04-12 14:44:03,706  INFO Service:29 - 接收报文：4&1
2022-04-12 14:44:03,707  INFO Service:49 - 删除水果
2022-04-12 14:45:14,844  INFO Service:29 - 接收报文：6&findAll
2022-04-12 14:45:14,846  INFO Service:57 - 查看水果
2022-04-12 14:45:18,373  INFO Service:29 - 接收报文：4&1
2022-04-12 14:45:18,374  INFO Service:49 - 删除水果
2022-04-12 14:45:18,375  INFO Service:88 - 删除结果：false
2022-04-12 14:45:18,377  INFO Service:29 - 接收报文：6&findAll
2022-04-12 14:45:18,377  INFO Service:57 - 查看水果
2022-04-12 14:50:41,425  INFO Service:29 - 接收报文：5&1,sss,sss,sss,1
2022-04-12 14:50:41,427  INFO Service:53 - 修改水果
2022-04-12 14:50:41,427  INFO Service:72 - 修改结果：false
2022-04-12 14:50:41,430  INFO Service:29 - 接收报文：6&findAll
2022-04-12 14:50:41,430  INFO Service:57 - 查看水果
2022-04-12 16:54:54,644  INFO Service:29 - 接收报文：6&findAll
2022-04-12 16:54:54,646  INFO Service:57 - 查看水果
2022-04-12 16:58:01,443  INFO Service:29 - 接收报文：6&findAll
2022-04-12 16:58:01,447  INFO Service:57 - 查看水果
2022-04-12 16:59:05,613  INFO Service:29 - 接收报文：6&findAll
2022-04-12 16:59:05,616  INFO Service:57 - 查看水果
2022-04-12 16:59:35,804  INFO Service:29 - 接收报文：6&findAll
2022-04-12 16:59:35,809  INFO Service:57 - 查看水果
2022-04-12 17:02:53,638  INFO Service:29 - 接收报文：6&findAll
2022-04-12 17:02:53,639  INFO Service:57 - 查看水果
2022-04-12 17:03:13,244  INFO Service:29 - 接收报文：5&0001,香蕉,12.2,kg,200,0001
2022-04-12 17:03:13,245  INFO Service:53 - 修改水果
2022-04-12 17:03:13,246  INFO Service:72 - 修改结果：true
2022-04-12 17:03:13,249  INFO Service:29 - 接收报文：6&findAll
2022-04-12 17:03:13,250  INFO Service:57 - 查看水果
2022-04-12 17:04:00,618  INFO Service:29 - 接收报文：3&0003,葡萄,13。5,kg,120
2022-04-12 17:04:00,619  INFO Service:45 - 添加水果
2022-04-12 17:04:00,620  INFO Service:118 - 添加结果：true
2022-04-12 17:04:00,622  INFO Service:29 - 接收报文：6&findAll
2022-04-12 17:04:00,622  INFO Service:57 - 查看水果
2022-04-12 18:55:28,840  INFO Service:29 - 接收报文：1&admin=admin
2022-04-12 18:55:28,843  INFO Service:37 - 用户登录
2022-04-12 18:55:28,844  INFO Service:150 - 登录结果：true
2022-04-12 18:55:28,847  INFO Service:29 - 接收报文：6&findAll
2022-04-12 18:55:28,847  INFO Service:57 - 查看水果
2022-04-12 18:55:34,046  INFO Service:29 - 接收报文：6&findAll
2022-04-12 18:55:34,046  INFO Service:57 - 查看水果
2022-04-12 18:56:58,738  INFO Service:29 - 接收报文：1&admin=admin
2022-04-12 18:56:58,739  INFO Service:37 - 用户登录
2022-04-12 18:56:58,740  INFO Service:150 - 登录结果：true
2022-04-12 18:56:58,743  INFO Service:29 - 接收报文：6&findAll
2022-04-12 18:56:58,743  INFO Service:57 - 查看水果
2022-04-12 18:57:03,563  INFO Service:29 - 接收报文：6&findAll
2022-04-12 18:57:03,563  INFO Service:57 - 查看水果
2022-04-12 18:57:07,725  INFO Service:29 - 接收报文：6&findAll
2022-04-12 18:57:07,725  INFO Service:57 - 查看水果
2022-04-12 19:30:55,299  INFO Service:29 - 接收报文：1&admin=admin
2022-04-12 19:30:55,301  INFO Service:37 - 用户登录
2022-04-12 19:30:55,302  INFO Service:159 - 登录结果：true
2022-04-12 19:30:55,305  INFO Service:29 - 接收报文：6&findAll
2022-04-12 19:30:55,305  INFO Service:57 - 查看水果
2022-04-12 19:30:57,585  INFO Service:29 - 接收报文：6&findAll
2022-04-12 19:30:57,585  INFO Service:57 - 查看水果
2022-04-12 19:31:00,768  INFO Service:29 - 接收报文：6&findAll
2022-04-12 19:31:00,768  INFO Service:57 - 查看水果
2022-04-12 19:31:06,021  INFO Service:29 - 接收报文：7&[Ljava.lang.Byte;@49097b5d
2022-04-12 19:31:06,021  INFO Service:61 - 结账功能
2022-04-12 19:42:12,421  INFO Service:29 - 接收报文：1&admin=admin
2022-04-12 19:42:12,423  INFO Service:37 - 用户登录
2022-04-12 19:42:12,424  INFO Service:159 - 登录结果：true
2022-04-12 19:42:12,427  INFO Service:29 - 接收报文：6&findAll
2022-04-12 19:42:12,428  INFO Service:57 - 查看水果
2022-04-12 19:42:15,158  INFO Service:29 - 接收报文：6&findAll
2022-04-12 19:42:15,158  INFO Service:57 - 查看水果
2022-04-12 19:42:18,026  INFO Service:29 - 接收报文：6&findAll
2022-04-12 19:42:18,026  INFO Service:57 - 查看水果
2022-04-12 19:42:41,431  INFO Service:29 - 接收报文：7&48
2022-04-12 19:42:41,431  INFO Service:61 - 结账功能
2022-04-12 20:00:37,158  INFO Service:29 - 接收报文：1&admin=admin
2022-04-12 20:00:37,160  INFO Service:37 - 用户登录
2022-04-12 20:00:37,161  INFO Service:159 - 登录结果：true
2022-04-12 20:00:37,163  INFO Service:29 - 接收报文：6&findAll
2022-04-12 20:00:37,164  INFO Service:57 - 查看水果
2022-04-12 20:00:39,543  INFO Service:29 - 接收报文：6&findAll
2022-04-12 20:00:39,544  INFO Service:57 - 查看水果
2022-04-12 20:00:41,622  INFO Service:29 - 接收报文：6&findAll
2022-04-12 20:00:41,623  INFO Service:57 - 查看水果
2022-04-12 20:00:48,531  INFO Service:29 - 接收报文：7&0001=11,
2022-04-12 20:00:48,532  INFO Service:61 - 结账功能
2022-04-12 20:01:27,843  INFO Service:29 - 接收报文：1&admin=admin
2022-04-12 20:01:27,845  INFO Service:37 - 用户登录
2022-04-12 20:01:27,845  INFO Service:159 - 登录结果：true
2022-04-12 20:01:27,848  INFO Service:29 - 接收报文：6&findAll
2022-04-12 20:01:27,849  INFO Service:57 - 查看水果
2022-04-12 20:01:29,807  INFO Service:29 - 接收报文：6&findAll
2022-04-12 20:01:29,807  INFO Service:57 - 查看水果
2022-04-12 20:01:31,862  INFO Service:29 - 接收报文：6&findAll
2022-04-12 20:01:31,862  INFO Service:57 - 查看水果
2022-04-12 20:01:34,967  INFO Service:29 - 接收报文：7&0001=11,0002=11,0003=11,
2022-04-12 20:01:34,967  INFO Service:61 - 结账功能
2022-04-12 20:10:00,482  INFO Service:29 - 接收报文：1&dmin=admin
2022-04-12 20:10:00,484  INFO Service:37 - 用户登录
2022-04-12 20:10:00,485  INFO Service:170 - 登录结果：false
2022-04-12 20:10:04,803  INFO Service:29 - 接收报文：1&admin=admin
2022-04-12 20:10:04,804  INFO Service:37 - 用户登录
2022-04-12 20:10:04,804  INFO Service:170 - 登录结果：true
2022-04-12 20:10:04,805  INFO Service:29 - 接收报文：6&findAll
2022-04-12 20:10:04,805  INFO Service:57 - 查看水果
2022-04-12 20:10:07,384  INFO Service:29 - 接收报文：6&findAll
2022-04-12 20:10:07,384  INFO Service:57 - 查看水果
2022-04-12 20:10:09,578  INFO Service:29 - 接收报文：6&findAll
2022-04-12 20:10:09,579  INFO Service:57 - 查看水果
2022-04-12 20:10:17,407  INFO Service:29 - 接收报文：7&0001=11,0002=11,0003=11,
2022-04-12 20:10:17,407  INFO Service:61 - 结账功能
2022-04-12 20:10:17,408  INFO Service:76 - 结账结果：true
2022-04-12 20:11:13,413  INFO Service:29 - 接收报文：1&admin=admin
2022-04-12 20:11:13,414  INFO Service:37 - 用户登录
2022-04-12 20:11:13,415  INFO Service:170 - 登录结果：true
2022-04-12 20:11:13,418  INFO Service:29 - 接收报文：6&findAll
2022-04-12 20:11:13,418  INFO Service:57 - 查看水果
2022-04-12 20:11:14,886  INFO Service:29 - 接收报文：6&findAll
2022-04-12 20:11:14,886  INFO Service:57 - 查看水果
2022-04-12 20:11:16,576  INFO Service:29 - 接收报文：6&findAll
2022-04-12 20:11:16,576  INFO Service:57 - 查看水果
2022-04-12 20:11:22,927  INFO Service:29 - 接收报文：7&0001=11,0002=11,0003=11,
2022-04-12 20:11:22,948  INFO Service:61 - 结账功能
2022-04-12 20:11:22,950  INFO Service:76 - 结账结果：true
2022-04-12 20:17:29,511  INFO Service:29 - 接收报文：1&admin=admin
2022-04-12 20:17:29,513  INFO Service:37 - 用户登录
2022-04-12 20:17:29,514  INFO Service:170 - 登录结果：true
2022-04-12 20:17:29,517  INFO Service:29 - 接收报文：6&findAll
2022-04-12 20:17:29,517  INFO Service:57 - 查看水果
2022-04-12 20:17:38,941  INFO Service:29 - 接收报文：6&findAll
2022-04-12 20:17:38,941  INFO Service:57 - 查看水果
2022-04-12 20:17:43,395  INFO Service:29 - 接收报文：6&findAll
2022-04-12 20:17:43,395  INFO Service:57 - 查看水果
2022-04-12 20:17:47,705  INFO Service:29 - 接收报文：7&0001=111,0002=222,0003=11,
2022-04-12 20:17:47,705  INFO Service:61 - 结账功能
2022-04-12 20:17:47,707  INFO Service:76 - 结账结果：true
2022-04-12 20:19:35,683  INFO Service:29 - 接收报文：1&admin=admin
2022-04-12 20:19:35,685  INFO Service:37 - 用户登录
2022-04-12 20:19:35,685  INFO Service:170 - 登录结果：true
2022-04-12 20:19:35,688  INFO Service:29 - 接收报文：6&findAll
2022-04-12 20:19:35,688  INFO Service:57 - 查看水果
2022-04-12 20:21:48,471  INFO Service:29 - 接收报文：1&admin=admin
2022-04-12 20:21:48,473  INFO Service:37 - 用户登录
2022-04-12 20:21:48,474  INFO Service:170 - 登录结果：true
2022-04-12 20:21:48,476  INFO Service:29 - 接收报文：6&findAll
2022-04-12 20:21:48,477  INFO Service:57 - 查看水果
2022-04-12 20:21:50,698  INFO Service:29 - 接收报文：6&findAll
2022-04-12 20:21:50,698  INFO Service:57 - 查看水果
2022-04-12 20:21:54,747  INFO Service:29 - 接收报文：6&findAll
2022-04-12 20:21:54,748  INFO Service:57 - 查看水果
2022-04-12 20:21:57,552  INFO Service:29 - 接收报文：7&0001=111,0002=222,0003=111,
2022-04-12 20:21:57,552  INFO Service:61 - 结账功能
2022-04-12 20:21:57,553  INFO Service:76 - 结账结果：false
2022-04-12 20:21:57,556  INFO Service:29 - 接收报文：6&findAll
2022-04-12 20:21:57,556  INFO Service:57 - 查看水果
2022-04-12 20:29:08,472  INFO Service:29 - 接收报文：1&vn=vn
2022-04-12 20:29:08,474  INFO Service:37 - 用户登录
2022-04-12 20:29:08,475  INFO Service:170 - 登录结果：true
2022-04-12 20:29:08,478  INFO Service:29 - 接收报文：6&findAll
2022-04-12 20:29:08,479  INFO Service:57 - 查看水果
2022-04-12 20:29:18,416  INFO Service:29 - 接收报文：6&findAll
2022-04-12 20:29:18,416  INFO Service:57 - 查看水果
2022-04-12 20:29:18,419  INFO Service:29 - 接收报文：6&findAll
2022-04-12 20:29:18,419  INFO Service:57 - 查看水果
2022-04-12 20:29:57,808  INFO Service:29 - 接收报文：6&findAll
2022-04-12 20:29:57,809  INFO Service:57 - 查看水果
2022-04-12 20:30:02,087  INFO Service:29 - 接收报文：6&findAll
2022-04-12 20:30:02,088  INFO Service:57 - 查看水果
2022-04-12 20:33:28,192  INFO Service:29 - 接收报文：6&findAll
2022-04-12 20:33:28,193  INFO Service:57 - 查看水果
2022-04-12 20:33:35,533  INFO Service:29 - 接收报文：6&findAll
2022-04-12 20:33:35,535  INFO Service:57 - 查看水果
2022-04-12 20:33:39,770  INFO Service:29 - 接收报文：6&findAll
2022-04-12 20:33:39,771  INFO Service:57 - 查看水果
2022-04-12 20:33:47,846  INFO Service:29 - 接收报文：7&0001=1111,0002=1111,0003=11,
2022-04-12 20:33:47,846  INFO Service:61 - 结账功能
2022-04-12 20:33:47,846  INFO Service:76 - 结账结果：false
2022-04-12 20:33:47,848  INFO Service:29 - 接收报文：6&findAll
2022-04-12 20:33:47,848  INFO Service:57 - 查看水果
2022-04-12 20:34:02,105  INFO Service:29 - 接收报文：6&findAll
2022-04-12 20:34:02,106  INFO Service:57 - 查看水果
2022-04-12 20:34:02,109  INFO Service:29 - 接收报文：6&findAll
2022-04-12 20:34:02,110  INFO Service:57 - 查看水果
2022-04-12 20:34:49,034  INFO Service:29 - 接收报文：1&vn=vn
2022-04-12 20:34:49,034  INFO Service:37 - 用户登录
2022-04-12 20:34:49,034  INFO Service:170 - 登录结果：true
2022-04-12 20:34:49,038  INFO Service:29 - 接收报文：6&findAll
2022-04-12 20:34:49,038  INFO Service:57 - 查看水果
2022-04-12 20:35:52,189  INFO Service:29 - 接收报文：1&vn=vn
2022-04-12 20:35:52,190  INFO Service:37 - 用户登录
2022-04-12 20:35:52,191  INFO Service:170 - 登录结果：true
2022-04-12 20:35:52,194  INFO Service:29 - 接收报文：6&findAll
2022-04-12 20:35:52,194  INFO Service:57 - 查看水果
2022-04-12 20:38:17,203  INFO Service:29 - 接收报文：1&vn=vn
2022-04-12 20:38:17,204  INFO Service:37 - 用户登录
2022-04-12 20:38:17,205  INFO Service:170 - 登录结果：true
2022-04-12 20:38:17,208  INFO Service:29 - 接收报文：6&findAll
2022-04-12 20:38:17,209  INFO Service:57 - 查看水果
2022-04-12 20:38:18,883  INFO Service:29 - 接收报文：6&findAll
2022-04-12 20:38:18,883  INFO Service:57 - 查看水果
2022-04-12 20:38:22,142  INFO Service:29 - 接收报文：6&findAll
2022-04-12 20:38:22,143  INFO Service:57 - 查看水果
2022-04-12 20:38:39,173  INFO Service:29 - 接收报文：7&0001=1111111,0002=1,0003=1,
2022-04-12 20:38:39,173  INFO Service:61 - 结账功能
2022-04-12 20:38:39,174  INFO Service:76 - 结账结果：true
2022-04-12 20:38:39,176  INFO Service:29 - 接收报文：6&findAll
2022-04-12 20:38:39,176  INFO Service:57 - 查看水果
2022-04-12 20:44:37,174  INFO Service:29 - 接收报文：1&admin=admin
2022-04-12 20:44:37,176  INFO Service:37 - 用户登录
2022-04-12 20:44:37,177  INFO Service:170 - 登录结果：false
2022-04-12 20:44:45,792  INFO Service:29 - 接收报文：1&vn=vn
2022-04-12 20:44:45,793  INFO Service:37 - 用户登录
2022-04-12 20:44:45,793  INFO Service:170 - 登录结果：true
2022-04-12 20:44:45,795  INFO Service:29 - 接收报文：6&findAll
2022-04-12 20:44:45,795  INFO Service:57 - 查看水果
2022-04-12 20:44:50,781  INFO Service:29 - 接收报文：6&findAll
2022-04-12 20:44:50,781  INFO Service:57 - 查看水果
2022-04-12 20:44:53,260  INFO Service:29 - 接收报文：6&findAll
2022-04-12 20:44:53,260  INFO Service:57 - 查看水果
2022-04-12 20:44:57,335  INFO Service:29 - 接收报文：7&0001=11111,0002=1,0003=1,
2022-04-12 20:44:57,335  INFO Service:61 - 结账功能
2022-04-12 20:44:57,335  INFO Service:76 - 结账结果：false
2022-04-12 20:44:57,337  INFO Service:29 - 接收报文：6&findAll
2022-04-12 20:44:57,339  INFO Service:57 - 查看水果
2022-04-12 20:45:06,088  INFO Service:29 - 接收报文：6&findAll
2022-04-12 20:45:06,089  INFO Service:57 - 查看水果
2022-04-12 20:45:06,093  INFO Service:29 - 接收报文：6&findAll
2022-04-12 20:45:06,094  INFO Service:57 - 查看水果
2022-04-12 20:46:16,179  INFO Service:29 - 接收报文：1&vn=vn
2022-04-12 20:46:16,181  INFO Service:37 - 用户登录
2022-04-12 20:46:16,181  INFO Service:170 - 登录结果：true
2022-04-12 20:46:16,184  INFO Service:29 - 接收报文：6&findAll
2022-04-12 20:46:16,184  INFO Service:57 - 查看水果
2022-04-12 20:46:18,005  INFO Service:29 - 接收报文：6&findAll
2022-04-12 20:46:18,005  INFO Service:57 - 查看水果
2022-04-12 20:46:20,897  INFO Service:29 - 接收报文：6&findAll
2022-04-12 20:46:20,898  INFO Service:57 - 查看水果
2022-04-12 20:46:28,656  INFO Service:29 - 接收报文：7&0001=1111111,0002=1,0003=1,
2022-04-12 20:46:28,656  INFO Service:61 - 结账功能
2022-04-12 20:46:28,657  INFO Service:76 - 结账结果：false
2022-04-12 20:46:28,659  INFO Service:29 - 接收报文：6&findAll
2022-04-12 20:46:28,659  INFO Service:57 - 查看水果
2022-04-12 20:46:35,327  INFO Service:29 - 接收报文：6&findAll
2022-04-12 20:46:35,328  INFO Service:57 - 查看水果
2022-04-12 20:46:35,334  INFO Service:29 - 接收报文：6&findAll
2022-04-12 20:46:35,335  INFO Service:57 - 查看水果
2022-04-12 20:46:41,464  INFO Service:29 - 接收报文：6&findAll
2022-04-12 20:46:41,465  INFO Service:57 - 查看水果
2022-04-12 20:46:41,467  INFO Service:29 - 接收报文：6&findAll
2022-04-12 20:46:41,467  INFO Service:57 - 查看水果
2022-04-12 21:39:22,953  INFO Service:29 - 接收报文：1&admin=admin
2022-04-12 21:39:22,955  INFO Service:37 - 用户登录
2022-04-12 21:39:22,956  INFO Service:170 - 登录结果：false
2022-04-12 21:39:29,060  INFO Service:29 - 接收报文：1&vn=vn
2022-04-12 21:39:29,060  INFO Service:37 - 用户登录
2022-04-12 21:39:29,061  INFO Service:170 - 登录结果：true
2022-04-12 21:39:29,062  INFO Service:29 - 接收报文：6&findAll
2022-04-12 21:39:29,063  INFO Service:57 - 查看水果
2022-04-12 21:39:39,134  INFO Service:29 - 接收报文：6&findAll
2022-04-12 21:39:39,135  INFO Service:57 - 查看水果
2022-04-12 21:39:41,321  INFO Service:29 - 接收报文：6&findAll
2022-04-12 21:39:41,321  INFO Service:57 - 查看水果
2022-04-12 21:39:48,588  INFO Service:29 - 接收报文：7&0001=11111,0002=1,0003=1,
2022-04-12 21:39:48,589  INFO Service:61 - 结账功能
2022-04-12 21:39:48,589  INFO Service:76 - 结账结果：false
2022-04-12 21:39:48,591  INFO Service:29 - 接收报文：6&findAll
2022-04-12 21:39:48,594  INFO Service:57 - 查看水果
2022-04-12 21:39:53,074  INFO Service:29 - 接收报文：6&findAll
2022-04-12 21:39:53,075  INFO Service:57 - 查看水果
2022-04-12 21:39:53,076  INFO Service:29 - 接收报文：6&findAll
2022-04-12 21:39:53,077  INFO Service:57 - 查看水果
2022-04-12 21:46:15,682  INFO Service:29 - 接收报文：1&vn=vn
2022-04-12 21:46:15,684  INFO Service:37 - 用户登录
2022-04-12 21:46:15,685  INFO Service:170 - 登录结果：true
2022-04-12 21:46:15,688  INFO Service:29 - 接收报文：6&findAll
2022-04-12 21:46:15,689  INFO Service:57 - 查看水果
2022-04-12 21:46:41,351  INFO Service:29 - 接收报文：6&findAll
2022-04-12 21:46:41,351  INFO Service:57 - 查看水果
2022-04-12 21:46:50,756  INFO Service:29 - 接收报文：6&findAll
2022-04-12 21:46:50,756  INFO Service:57 - 查看水果
2022-04-12 21:46:57,136  INFO Service:29 - 接收报文：7&0001=1111,0002=1,0003=1,0001=1,0002=1111,0003=1,0001=1,0002=1,0003=1111,
2022-04-12 21:46:57,136  INFO Service:61 - 结账功能
2022-04-12 21:46:57,136  INFO Service:76 - 结账结果：false
2022-04-12 21:46:57,137  INFO Service:29 - 接收报文：6&findAll
2022-04-12 21:46:57,138  INFO Service:57 - 查看水果
2022-04-12 21:50:13,654  INFO Service:29 - 接收报文：1&vn=vn
2022-04-12 21:50:13,656  INFO Service:37 - 用户登录
2022-04-12 21:50:13,656  INFO Service:170 - 登录结果：true
2022-04-12 21:50:13,660  INFO Service:29 - 接收报文：6&findAll
2022-04-12 21:50:13,660  INFO Service:57 - 查看水果
2022-04-12 21:50:18,905  INFO Service:29 - 接收报文：6&findAll
2022-04-12 21:50:18,905  INFO Service:57 - 查看水果
2022-04-12 21:50:25,344  INFO Service:29 - 接收报文：6&findAll
2022-04-12 21:50:25,344  INFO Service:57 - 查看水果
2022-04-12 21:50:38,662  INFO Service:29 - 接收报文：7&0001=1111,0002=1,0003=1,0001=1,0002=1,0003=1,
2022-04-12 21:50:38,662  INFO Service:61 - 结账功能
2022-04-12 21:50:38,662  INFO Service:76 - 结账结果：false
2022-04-12 21:50:38,665  INFO Service:29 - 接收报文：6&findAll
2022-04-12 21:50:38,666  INFO Service:57 - 查看水果
2022-04-12 21:50:43,196  INFO Service:29 - 接收报文：6&findAll
2022-04-12 21:50:43,196  INFO Service:57 - 查看水果
2022-04-12 21:50:43,205  INFO Service:29 - 接收报文：6&findAll
2022-04-12 21:50:43,205  INFO Service:57 - 查看水果
2022-04-12 21:52:52,844  INFO Service:29 - 接收报文：1&vn=vn
2022-04-12 21:52:52,846  INFO Service:37 - 用户登录
2022-04-12 21:52:52,846  INFO Service:171 - 登录结果：true
2022-04-12 21:52:52,849  INFO Service:29 - 接收报文：6&findAll
2022-04-12 21:52:52,850  INFO Service:57 - 查看水果
2022-04-12 21:52:56,598  INFO Service:29 - 接收报文：6&findAll
2022-04-12 21:52:56,598  INFO Service:57 - 查看水果
2022-04-12 21:52:59,844  INFO Service:29 - 接收报文：6&findAll
2022-04-12 21:52:59,844  INFO Service:57 - 查看水果
2022-04-12 21:53:05,007  INFO Service:29 - 接收报文：7&0001=22222,0002=1,0003=1,
2022-04-12 21:53:05,007  INFO Service:61 - 结账功能
2022-04-12 21:53:05,007  INFO Service:76 - 结账结果：false
2022-04-12 21:53:05,009  INFO Service:29 - 接收报文：6&findAll
2022-04-12 21:53:05,009  INFO Service:57 - 查看水果
2022-04-12 21:53:09,637  INFO Service:29 - 接收报文：6&findAll
2022-04-12 21:53:09,637  INFO Service:57 - 查看水果
2022-04-12 21:53:09,642  INFO Service:29 - 接收报文：6&findAll
2022-04-12 21:53:09,643  INFO Service:57 - 查看水果
2022-04-12 22:02:26,944  INFO Service:29 - 接收报文：1&vn=vn
2022-04-12 22:02:26,946  INFO Service:37 - 用户登录
2022-04-12 22:02:26,947  INFO Service:170 - 登录结果：true
2022-04-12 22:02:26,950  INFO Service:29 - 接收报文：6&findAll
2022-04-12 22:02:26,951  INFO Service:57 - 查看水果
2022-04-12 22:02:28,901  INFO Service:29 - 接收报文：6&findAll
2022-04-12 22:02:28,901  INFO Service:57 - 查看水果
2022-04-12 22:02:35,483  INFO Service:29 - 接收报文：6&findAll
2022-04-12 22:02:35,483  INFO Service:57 - 查看水果
2022-04-12 22:02:38,772  INFO Service:29 - 接收报文：7&0001=22222,0002=1,0003=1,
2022-04-12 22:02:38,773  INFO Service:61 - 结账功能
2022-04-12 22:02:38,773  INFO Service:76 - 结账结果：false
2022-04-12 22:02:38,775  INFO Service:29 - 接收报文：6&findAll
2022-04-12 22:02:38,775  INFO Service:57 - 查看水果
2022-04-12 22:03:01,284  INFO Service:29 - 接收报文：6&findAll
2022-04-12 22:03:01,285  INFO Service:57 - 查看水果
2022-04-12 22:03:10,375  INFO Service:29 - 接收报文：7&0001=22222,0002=1,0003=1,
2022-04-12 22:03:10,376  INFO Service:61 - 结账功能
2022-04-12 22:03:10,377  INFO Service:76 - 结账结果：false
2022-04-12 22:03:10,378  INFO Service:29 - 接收报文：6&findAll
2022-04-12 22:03:10,379  INFO Service:57 - 查看水果
2022-04-12 22:03:45,302  INFO Service:29 - 接收报文：2&pkq=pkq
2022-04-12 22:03:45,303  INFO Service:41 - 用户注册
2022-04-12 22:03:45,304  INFO Service:154 - 注册结果：true
2022-04-12 22:03:50,949  INFO Service:29 - 接收报文：1&pkq=pkq
2022-04-12 22:03:50,950  INFO Service:37 - 用户登录
2022-04-12 22:03:50,950  INFO Service:170 - 登录结果：true
2022-04-12 22:03:50,951  INFO Service:29 - 接收报文：6&findAll
2022-04-12 22:03:50,951  INFO Service:57 - 查看水果
2022-04-12 22:04:00,718  INFO Service:29 - 接收报文：1&111=111
2022-04-12 22:04:00,718  INFO Service:37 - 用户登录
2022-04-12 22:04:00,719  INFO Service:170 - 登录结果：false
2022-04-12 22:05:13,781  INFO Service:29 - 接收报文：1&qqq=qqq
2022-04-12 22:05:13,782  INFO Service:37 - 用户登录
2022-04-12 22:05:13,782  INFO Service:170 - 登录结果：false
2022-04-12 22:05:56,023  INFO Service:29 - 接收报文：6&findAll
2022-04-12 22:05:56,023  INFO Service:57 - 查看水果
2022-04-12 22:06:35,448  INFO Service:29 - 接收报文：3&0004,荔枝,20.0,g,300
2022-04-12 22:06:35,448  INFO Service:45 - 添加水果
2022-04-12 22:06:35,449  INFO Service:138 - 添加结果：true
2022-04-12 22:06:35,451  INFO Service:29 - 接收报文：6&findAll
2022-04-12 22:06:35,452  INFO Service:57 - 查看水果
2022-04-12 22:06:42,891  INFO Service:29 - 接收报文：6&findAll
2022-04-12 22:06:42,892  INFO Service:57 - 查看水果
2022-04-12 22:06:42,895  INFO Service:29 - 接收报文：6&findAll
2022-04-12 22:06:42,896  INFO Service:57 - 查看水果
2022-04-12 22:06:56,615  INFO Service:29 - 接收报文：4&0005
2022-04-12 22:06:56,615  INFO Service:49 - 删除水果
2022-04-12 22:06:56,615  INFO Service:108 - 删除结果：false
2022-04-12 22:06:56,616  INFO Service:29 - 接收报文：6&findAll
2022-04-12 22:06:56,616  INFO Service:57 - 查看水果
2022-04-12 22:07:13,141  INFO Service:29 - 接收报文：5&0005,1,1,1,1,0005
2022-04-12 22:07:13,158  INFO Service:53 - 修改水果
2022-04-12 22:07:13,158  INFO Service:92 - 修改结果：false
2022-04-12 22:07:13,161  INFO Service:29 - 接收报文：6&findAll
2022-04-12 22:07:13,161  INFO Service:57 - 查看水果
2022-04-13 09:36:56,013  INFO Service:30 - 接收报文：LOG_IN&vn=vn
2022-04-13 09:36:56,018  INFO Service:39 - 用户登录
2022-04-13 09:36:56,019  INFO Service:172 - 登录结果：true
2022-04-13 09:36:56,022  INFO Service:30 - 接收报文：FRUIT_FIND_ALL&findAll
2022-04-13 09:36:56,022  INFO Service:59 - 查看水果
2022-04-13 14:10:32,804  INFO Service:30 - 接收报文：LOG_IN&1=1
2022-04-13 14:10:32,808  INFO Service:39 - 用户登录
2022-04-13 14:10:32,808  INFO Service:172 - 登录结果：false
2022-04-13 14:12:10,763  INFO Service:30 - 接收报文：LOG_IN&vn=vn
2022-04-13 14:12:10,767  INFO Service:39 - 用户登录
2022-04-13 14:12:10,768  INFO Service:172 - 登录结果：true
2022-04-13 14:12:10,771  INFO Service:30 - 接收报文：FRUIT_FIND_ALL&findAll
2022-04-13 14:12:10,771  INFO Service:59 - 查看水果
2022-04-13 14:12:17,573  INFO Service:30 - 接收报文：6&findAll
2022-04-13 14:13:22,012  INFO Service:30 - 接收报文：LOG_IN&vn=vn
2022-04-13 14:13:22,016  INFO Service:39 - 用户登录
2022-04-13 14:13:22,016  INFO Service:172 - 登录结果：true
2022-04-13 14:13:22,019  INFO Service:30 - 接收报文：FRUIT_FIND_ALL&findAll
2022-04-13 14:13:22,019  INFO Service:59 - 查看水果
2022-04-13 14:13:23,937  INFO Service:30 - 接收报文：FRUIT_FIND_ALL&findAll
2022-04-13 14:13:23,937  INFO Service:59 - 查看水果
2022-04-13 14:13:28,645  INFO Service:30 - 接收报文：FRUIT_FIND_ALL&findAll
2022-04-13 14:13:28,645  INFO Service:59 - 查看水果
2022-04-13 14:13:46,309  INFO Service:30 - 接收报文：FRUIT_FIND_ALL&findAll
2022-04-13 14:13:46,309  INFO Service:59 - 查看水果
2022-04-13 14:13:48,834  INFO Service:30 - 接收报文：FRUIT_FIND_ALL&findAll
2022-04-13 14:13:48,834  INFO Service:59 - 查看水果
2022-04-13 14:14:06,988  INFO Service:30 - 接收报文：PAY&0001=1,0002=1,0003=1,0004=1,
2022-04-13 14:14:06,989  INFO Service:63 - 结账功能
2022-04-13 14:14:06,991  INFO Service:78 - 结账结果：true
2022-04-13 14:14:06,994  INFO Service:30 - 接收报文：FRUIT_FIND_ALL&findAll
2022-04-13 14:14:06,995  INFO Service:59 - 查看水果
2022-04-13 14:14:15,949  INFO Service:30 - 接收报文：FRUIT_FIND_ALL&findAll
2022-04-13 14:14:15,949  INFO Service:59 - 查看水果
2022-04-13 14:14:19,713  INFO Service:30 - 接收报文：FRUIT_FIND_ALL&findAll
2022-04-13 14:14:19,713  INFO Service:59 - 查看水果
2022-04-13 14:14:29,313  INFO Service:30 - 接收报文：PAY&0001=555555,0002=1,0003=1,0004=1,
2022-04-13 14:14:29,313  INFO Service:63 - 结账功能
2022-04-13 14:14:29,314  INFO Service:78 - 结账结果：false
2022-04-13 14:14:29,314  INFO Service:30 - 接收报文：FRUIT_FIND_ALL&findAll
2022-04-13 14:14:29,315  INFO Service:59 - 查看水果
2022-04-13 14:15:12,789  INFO Service:30 - 接收报文：FRUIT_FIND_ALL&findAll
2022-04-13 14:15:12,790  INFO Service:59 - 查看水果
2022-04-13 14:15:27,289  INFO Service:30 - 接收报文：FRUIT_FIND_ALL&findAll
2022-04-13 14:15:27,290  INFO Service:59 - 查看水果
2022-04-13 14:15:27,292  INFO Service:30 - 接收报文：FRUIT_FIND_ALL&findAll
2022-04-13 14:15:27,292  INFO Service:59 - 查看水果
2022-04-13 14:16:44,202  INFO Service:30 - 接收报文：FRUIT_FIND_ALL&findAll
2022-04-13 14:16:44,206  INFO Service:59 - 查看水果
2022-04-13 14:17:12,014  INFO Service:30 - 接收报文：FRUIT_FIND_ALL&findAll
2022-04-13 14:17:12,015  INFO Service:59 - 查看水果
2022-04-13 14:17:24,625  INFO Service:30 - 接收报文：FRUIT_UPDATE&0007,d,1,1,1,0007
2022-04-13 14:17:24,625  INFO Service:55 - 修改水果
2022-04-13 14:17:24,626  INFO Service:94 - 修改结果：false
2022-04-13 14:17:24,628  INFO Service:30 - 接收报文：FRUIT_FIND_ALL&findAll
2022-04-13 14:17:24,628  INFO Service:59 - 查看水果
2022-04-13 14:17:33,712  INFO Service:30 - 接收报文：FRUIT_DELETE&0007
2022-04-13 14:17:33,712  INFO Service:51 - 删除水果
2022-04-13 14:17:33,712  INFO Service:110 - 删除结果：false
2022-04-13 14:17:33,714  INFO Service:30 - 接收报文：FRUIT_FIND_ALL&findAll
2022-04-13 14:17:33,714  INFO Service:59 - 查看水果
2022-04-13 14:28:46,960  INFO Service:30 - 接收报文：FRUIT_FIND_ALL&findAll
2022-04-13 14:28:46,964  INFO Service:59 - 查看水果
2022-04-13 14:28:49,923  INFO Service:30 - 接收报文：FRUIT_DELETE&1
2022-04-13 14:28:49,925  INFO Service:51 - 删除水果
2022-04-13 14:28:49,925  INFO Service:110 - 删除结果：false
2022-04-13 14:28:49,927  INFO Service:30 - 接收报文：FRUIT_FIND_ALL&findAll
2022-04-13 14:28:49,928  INFO Service:59 - 查看水果
2022-04-13 15:01:29,068  INFO Service:30 - 接收报文：SIGN_UP&q=q
2022-04-13 15:01:29,073  INFO Service:43 - 用户注册
2022-04-13 15:01:29,074  INFO Service:156 - 注册结果：true
2022-04-13 15:01:38,012  INFO Service:30 - 接收报文：LOG_IN&qqq=qqq
2022-04-13 15:01:38,013  INFO Service:39 - 用户登录
2022-04-13 15:01:38,013  INFO Service:172 - 登录结果：false
2022-04-13 15:01:45,601  INFO Service:30 - 接收报文：LOG_IN&q=q
2022-04-13 15:01:45,602  INFO Service:39 - 用户登录
2022-04-13 15:01:45,602  INFO Service:172 - 登录结果：true
2022-04-13 15:01:45,603  INFO Service:30 - 接收报文：FRUIT_FIND_ALL&findAll
2022-04-13 15:01:45,603  INFO Service:59 - 查看水果
2022-04-13 15:02:02,065  INFO Service:30 - 接收报文：FRUIT_FIND_ALL&findAll
2022-04-13 15:02:02,065  INFO Service:59 - 查看水果
2022-04-13 15:02:09,731  INFO Service:30 - 接收报文：FRUIT_FIND_ALL&findAll
2022-04-13 15:02:09,731  INFO Service:59 - 查看水果
2022-04-13 15:03:46,760  INFO Service:30 - 接收报文：PAY&0001=1111,0002=1,0003=1,0004=1,
2022-04-13 15:03:46,762  INFO Service:63 - 结账功能
2022-04-13 15:03:46,762  INFO Service:78 - 结账结果：false
2022-04-13 15:03:46,763  INFO Service:30 - 接收报文：FRUIT_FIND_ALL&findAll
2022-04-13 15:03:46,763  INFO Service:59 - 查看水果
2022-04-13 15:06:37,571  INFO Service:30 - 接收报文：LOG_IN&q=q
2022-04-13 15:06:37,572  INFO Service:39 - 用户登录
2022-04-13 15:06:37,573  INFO Service:172 - 登录结果：true
2022-04-13 15:06:37,578  INFO Service:30 - 接收报文：FRUIT_FIND_ALL&findAll
2022-04-13 15:06:37,578  INFO Service:59 - 查看水果
2022-04-13 15:06:40,188  INFO Service:30 - 接收报文：FRUIT_FIND_ALL&findAll
2022-04-13 15:06:40,188  INFO Service:59 - 查看水果
2022-04-13 15:06:45,683  INFO Service:30 - 接收报文：FRUIT_FIND_ALL&findAll
2022-04-13 15:06:45,684  INFO Service:59 - 查看水果
2022-04-13 15:07:00,556  INFO Service:30 - 接收报文：PAY&0001=11111,0002=1,0003=1,0004=1,
2022-04-13 15:07:00,556  INFO Service:63 - 结账功能
2022-04-13 15:07:00,556  INFO Service:78 - 结账结果：false
2022-04-13 15:07:00,557  INFO Service:30 - 接收报文：FRUIT_FIND_ALL&findAll
2022-04-13 15:07:00,558  INFO Service:59 - 查看水果
2022-04-13 15:07:47,822  INFO Service:30 - 接收报文：FRUIT_FIND_ALL&findAll
2022-04-13 15:07:47,822  INFO Service:59 - 查看水果
2022-04-13 15:08:14,385  INFO Service:30 - 接收报文：FRUIT_ADD&0005,西瓜,10.0,kg,130
2022-04-13 15:08:14,386  INFO Service:47 - 添加水果
2022-04-13 15:08:14,386  INFO Service:140 - 添加结果：true
2022-04-13 15:08:14,388  INFO Service:30 - 接收报文：FRUIT_FIND_ALL&findAll
2022-04-13 15:08:14,388  INFO Service:59 - 查看水果
2022-04-13 15:08:24,628  INFO Service:30 - 接收报文：FRUIT_DELETE&009
2022-04-13 15:08:24,628  INFO Service:51 - 删除水果
2022-04-13 15:08:24,628  INFO Service:110 - 删除结果：false
2022-04-13 15:08:24,629  INFO Service:30 - 接收报文：FRUIT_FIND_ALL&findAll
2022-04-13 15:08:24,629  INFO Service:59 - 查看水果
2022-04-13 15:08:31,482  INFO Service:30 - 接收报文：FRUIT_DELETE&0005
2022-04-13 15:08:31,482  INFO Service:51 - 删除水果
2022-04-13 15:08:31,483  INFO Service:110 - 删除结果：false
2022-04-13 15:08:31,484  INFO Service:30 - 接收报文：FRUIT_FIND_ALL&findAll
2022-04-13 15:08:31,484  INFO Service:59 - 查看水果
2022-04-13 15:08:45,870  INFO Service:30 - 接收报文：FRUIT_DELETE&0001
2022-04-13 15:08:45,871  INFO Service:51 - 删除水果
2022-04-13 15:08:45,872  INFO Service:110 - 删除结果：false
2022-04-13 15:08:45,873  INFO Service:30 - 接收报文：FRUIT_FIND_ALL&findAll
2022-04-13 15:08:45,873  INFO Service:59 - 查看水果
2022-04-13 15:09:55,736  INFO Service:30 - 接收报文：FRUIT_UPDATE&0001,菠萝,19.5,kg,200,0001
2022-04-13 15:09:55,736  INFO Service:55 - 修改水果
2022-04-13 15:09:55,737  INFO Service:94 - 修改结果：true
2022-04-13 15:09:55,739  INFO Service:30 - 接收报文：FRUIT_FIND_ALL&findAll
2022-04-13 15:09:55,739  INFO Service:59 - 查看水果
2022-04-13 15:15:33,885  INFO Service:30 - 接收报文：LOG_IN&q=q
2022-04-13 15:15:33,889  INFO Service:39 - 用户登录
2022-04-13 15:15:33,889  INFO Service:172 - 登录结果：true
2022-04-13 15:15:33,892  INFO Service:30 - 接收报文：FRUIT_FIND_ALL&findAll
2022-04-13 15:15:33,893  INFO Service:59 - 查看水果
2022-04-13 15:15:46,954  INFO Service:30 - 接收报文：FRUIT_FIND_ALL&findAll
2022-04-13 15:15:46,954  INFO Service:59 - 查看水果
2022-04-13 15:15:57,112  INFO Service:30 - 接收报文：FRUIT_DELETE&0005
2022-04-13 15:15:57,112  INFO Service:51 - 删除水果
2022-04-13 15:15:57,112  INFO Service:110 - 删除结果：false
2022-04-13 15:15:57,114  INFO Service:30 - 接收报文：FRUIT_FIND_ALL&findAll
2022-04-13 15:15:57,114  INFO Service:59 - 查看水果
2022-04-13 15:17:30,906  INFO Service:30 - 接收报文：FRUIT_FIND_ALL&findAll
2022-04-13 15:17:30,907  INFO Service:59 - 查看水果
2022-04-13 15:17:37,235  INFO Service:30 - 接收报文：FRUIT_DELETE&0005
2022-04-13 15:17:37,235  INFO Service:51 - 删除水果
2022-04-13 15:17:37,237  INFO Service:110 - 删除结果：false
2022-04-13 15:17:37,239  INFO Service:30 - 接收报文：FRUIT_FIND_ALL&findAll
2022-04-13 15:17:37,240  INFO Service:59 - 查看水果
2022-04-13 15:20:16,028  INFO Service:30 - 接收报文：FRUIT_FIND_ALL&findAll
2022-04-13 15:20:16,032  INFO Service:59 - 查看水果
2022-04-13 15:20:21,123  INFO Service:30 - 接收报文：FRUIT_DELETE&0005
2022-04-13 15:20:21,124  INFO Service:51 - 删除水果
2022-04-13 15:20:21,125  INFO Service:110 - 删除结果：true
2022-04-13 15:20:21,127  INFO Service:30 - 接收报文：FRUIT_FIND_ALL&findAll
2022-04-13 15:20:21,127  INFO Service:59 - 查看水果
